[debug] [2024-06-13T17:33:08.995Z] ----------------------------------------------------------------------
[debug] [2024-06-13T17:33:08.997Z] Command:       C:\Program Files\nodejs\node.exe C:\Users\lstcyr\AppData\Roaming\npm\node_modules\firebase-tools\lib\bin\firebase.js init
[debug] [2024-06-13T17:33:08.997Z] CLI Version:   13.11.2
[debug] [2024-06-13T17:33:08.998Z] Platform:      win32
[debug] [2024-06-13T17:33:08.998Z] Node Version:  v20.14.0
[debug] [2024-06-13T17:33:08.998Z] Time:          Thu Jun 13 2024 13:33:08 GMT-0400 (Eastern Daylight Time)
[debug] [2024-06-13T17:33:08.998Z] ----------------------------------------------------------------------
[debug] 
[debug] [2024-06-13T17:33:09.000Z] >>> [apiv2][query] GET https://firebase-public.firebaseio.com/cli.json [none]
[debug] [2024-06-13T17:33:09.048Z] > command requires scopes: ["email","openid","https://www.googleapis.com/auth/cloudplatformprojects.readonly","https://www.googleapis.com/auth/firebase","https://www.googleapis.com/auth/cloud-platform"]
[debug] [2024-06-13T17:33:09.049Z] > authorizing via signed-in user (leejvan02@gmail.com)
[info] 
     ######## #### ########  ######## ########     ###     ######  ########
     ##        ##  ##     ## ##       ##     ##  ##   ##  ##       ##
     ######    ##  ########  ######   ########  #########  ######  ######
     ##        ##  ##    ##  ##       ##     ## ##     ##       ## ##
     ##       #### ##     ## ######## ########  ##     ##  ######  ########

You're about to initialize a Firebase project in this directory:

  C:\Users\lstcyr\OneDrive\Documents\Courses\React\Projects\englishSchool\v1.0

[debug] [2024-06-13T17:33:09.351Z] <<< [apiv2][status] GET https://firebase-public.firebaseio.com/cli.json 200
[debug] [2024-06-13T17:33:09.351Z] <<< [apiv2][body] GET https://firebase-public.firebaseio.com/cli.json {"cloudBuildErrorAfter":1594252800000,"cloudBuildWarnAfter":1590019200000,"defaultNode10After":1594252800000,"minVersion":"3.0.5","node8DeploysDisabledAfter":1613390400000,"node8RuntimeDisabledAfter":1615809600000,"node8WarnAfter":1600128000000}
